<?xml version="1.0" encoding="UTF-8"?>
<!-- Generated by org.testng.reporters.JUnitXMLReporter -->
<testsuite ignored="0" hostname="LAPTOP-VD3S5LO8" failures="0" tests="3" name="EdgeTest" time="119.936" errors="0" timestamp="2024-04-20T10:41:22 IST">
  <testcase classname="testCases.TC_EndToEnd_IHP_testcases" name="validateIHPLogo" time="0.126"/>
  <testcase classname="testCases.TC_EndToEnd_IHP_testcases" name="ValidatePageTitle" time="0.228"/>
  <testcase classname="testCases.TC_EndToEnd_IHP_testcases" name="Validate_SignINAsJobSeeker" time="75.463"/>
</testsuite> <!-- EdgeTest -->
