<?xml version="1.0" encoding="UTF-8"?>
<!-- Generated by org.testng.reporters.JUnitXMLReporter -->
<testsuite ignored="0" hostname="LAPTOP-VD3S5LO8" failures="0" tests="3" name="FireFoxTest" time="117.34" errors="0" timestamp="2024-04-20T10:41:53 IST">
  <testcase classname="testCases.TC_EndToEnd_IHP_testcases" name="validateIHPLogo" time="0.0">
    <skipped/>
  </testcase> <!-- validateIHPLogo -->
  <testcase classname="testCases.TC_EndToEnd_IHP_testcases" name="ValidatePageTitle" time="0.0">
    <skipped/>
  </testcase> <!-- ValidatePageTitle -->
  <testcase classname="testCases.TC_EndToEnd_IHP_testcases" name="Validate_SignINAsJobSeeker" time="0.0">
    <skipped/>
  </testcase> <!-- Validate_SignINAsJobSeeker -->
</testsuite> <!-- FireFoxTest -->
