<?xml version="1.0" encoding="UTF-8"?>
<!-- Generated by org.testng.reporters.JUnitXMLReporter -->
<testsuite ignored="0" hostname="LAPTOP-VD3S5LO8" failures="0" tests="3" name="Test" time="81.849" errors="0" timestamp="2024-04-20T10:16:23 IST">
  <testcase classname="testCases.TC_EndToEnd_IHP_testcases" name="validateIHPLogo" time="0.061"/>
  <testcase classname="testCases.TC_EndToEnd_IHP_testcases" name="ValidatePageTitle" time="0.132"/>
  <testcase classname="testCases.TC_EndToEnd_IHP_testcases" name="Validate_SignINAsJobSeeker" time="69.973"/>
</testsuite> <!-- Test -->
